This is e-TeX, Version 3.141592-2.2 (MiKTeX 2.4) (preloaded format=latex 2006.2.1)  17 SEP 2008 18:26
entering extended mode
**lecturenoteselectrostatics
(lecturenoteselectrostatics.tex
LaTeX2e <2003/12/01>
Babel <v3.8g> and hyphenation patterns for english, dumylang, nohyphenation, ge
rman, ngerman, french, loaded.
(C:\texmf\tex\latex\base\latex209.def
File: latex209.def 1998/05/13 v0.52 Standard LaTeX file


          Entering LaTeX 2.09 COMPATIBILITY MODE
 *************************************************************
    !!WARNING!!    !!WARNING!!    !!WARNING!!    !!WARNING!!   
 
 This mode attempts to provide an emulation of the LaTeX 2.09
 author environment so that OLD documents can be successfully
 processed. It should NOT be used for NEW documents!
 
 New documents should use Standard LaTeX conventions and start
 with the \documentclass command.
 
 Compatibility mode is UNLIKELY TO WORK with LaTeX 2.09 style
 files that change any internal macros, especially not with
 those that change the FONT SELECTION or OUTPUT ROUTINES.
 
 Therefore such style files MUST BE UPDATED to use
          Current Standard LaTeX: LaTeX2e.
 If you suspect that you may be using such a style file, which
 is probably very, very old by now, then you should attempt to
 get it updated by sending a copy of this error message to the
 author of that file.
 *************************************************************

\footheight=\dimen102
\@maxsep=\dimen103
\@dblmaxsep=\dimen104
\@cla=\count79
\@clb=\count80
\mscount=\count81
(C:\texmf\tex\latex\base\tracefnt.sty
Package: tracefnt 1997/05/29 v3.0j Standard LaTeX package (font tracing)
\tracingfonts=\count82
LaTeX Info: Redefining \selectfont on input line 101.
)
\symbold=\mathgroup4
\symsans=\mathgroup5
\symtypewriter=\mathgroup6
\symitalic=\mathgroup7
\symsmallcaps=\mathgroup8
\symslanted=\mathgroup9
LaTeX Font Info:    Redeclaring math alphabet \mathbf on input line 293.
LaTeX Font Info:    Redeclaring math alphabet \mathsf on input line 294.
LaTeX Font Info:    Redeclaring math alphabet \mathtt on input line 295.
LaTeX Font Info:    Redeclaring math alphabet \mathit on input line 301.
LaTeX Info: Redefining \em on input line 311.
 (C:\texmf\tex\latex\base\latexsym.sty
Package: latexsym 1998/08/17 v2.2e Standard LaTeX package (lasy symbols)
\symlasy=\mathgroup10
LaTeX Font Info:    Overwriting symbol font `lasy' in version `bold'
(Font)                  U/lasy/m/n --> U/lasy/b/n on input line 47.
)
LaTeX Font Info:    Redeclaring math delimiter \lgroup on input line 375.
LaTeX Font Info:    Redeclaring math delimiter \rgroup on input line 377.
LaTeX Font Info:    Redeclaring math delimiter \bracevert on input line 379.
)
(C:\texmf\tex\latex\base\article.cls
Document Class: article 2004/02/16 v1.4f Standard LaTeX document class
(C:\texmf\tex\latex\base\size10.clo
File: size10.clo 2004/02/16 v1.4f Standard LaTeX file (size option)
)
\c@part=\count83
\c@section=\count84
\c@subsection=\count85
\c@subsubsection=\count86
\c@paragraph=\count87
\c@subparagraph=\count88
\c@figure=\count89
\c@table=\count90
\abovecaptionskip=\skip41
\belowcaptionskip=\skip42
Compatibility mode: definition of \rm ignored.
Compatibility mode: definition of \sf ignored.
Compatibility mode: definition of \tt ignored.
Compatibility mode: definition of \bf ignored.
Compatibility mode: definition of \it ignored.
Compatibility mode: definition of \sl ignored.
Compatibility mode: definition of \sc ignored.
LaTeX Info: Redefining \cal on input line 506.
LaTeX Info: Redefining \mit on input line 507.
\bibindent=\dimen105
)
\hh=\count91
\mm=\count92
 (C:\texmf\tex\generic\psfig\psfig.sty
\@unused=\write3
\ps@stream=\read1
\p@intvaluex=\dimen106
\p@intvaluey=\dimen107

psfig/tex 1.10-dvips
) (lecturenoteselectrostatics.aux

LaTeX Warning: Label `wind' multiply defined.


LaTeX Warning: Label `wind' multiply defined.


LaTeX Warning: Label `wind' multiply defined.


LaTeX Warning: Label `wind' multiply defined.


LaTeX Warning: Label `wind' multiply defined.


LaTeX Warning: Label `wind' multiply defined.


LaTeX Warning: Label `wind' multiply defined.


LaTeX Warning: Label `wind' multiply defined.


LaTeX Warning: Label `wind' multiply defined.


LaTeX Warning: Label `wind' multiply defined.


LaTeX Warning: Label `wind' multiply defined.


LaTeX Warning: Label `wind' multiply defined.


LaTeX Warning: Label `wind' multiply defined.


LaTeX Warning: Label `wind' multiply defined.


LaTeX Warning: Label `wind' multiply defined.


LaTeX Warning: Label `wind' multiply defined.


LaTeX Warning: Label `wind' multiply defined.


LaTeX Warning: Label `wind' multiply defined.


LaTeX Warning: Label `wind' multiply defined.


LaTeX Warning: Label `wind' multiply defined.


LaTeX Warning: Label `tllength' multiply defined.


LaTeX Warning: Label `wind' multiply defined.


LaTeX Warning: Label `wind' multiply defined.


LaTeX Warning: Label `vtl01' multiply defined.


LaTeX Warning: Label `wind' multiply defined.


LaTeX Warning: Label `wind' multiply defined.


LaTeX Warning: Label `wind' multiply defined.


LaTeX Warning: Label `wind' multiply defined.


LaTeX Warning: Label `wind' multiply defined.

)
LaTeX Font Info:    Checking defaults for OML/cmm/m/it on input line 78.
LaTeX Font Info:    ... okay on input line 78.
LaTeX Font Info:    Checking defaults for T1/cmr/m/n on input line 78.
LaTeX Font Info:    ... okay on input line 78.
LaTeX Font Info:    Checking defaults for OT1/cmr/m/n on input line 78.
LaTeX Font Info:    ... okay on input line 78.
LaTeX Font Info:    Checking defaults for OMS/cmsy/m/n on input line 78.
LaTeX Font Info:    ... okay on input line 78.
LaTeX Font Info:    Checking defaults for OMX/cmex/m/n on input line 78.
LaTeX Font Info:    ... okay on input line 78.
LaTeX Font Info:    Checking defaults for U/cmr/m/n on input line 78.
LaTeX Font Info:    ... okay on input line 78.
LaTeX Font Info:    External font `cmex10' loaded for size
(Font)              <12> on input line 91.
LaTeX Font Info:    External font `cmex10' loaded for size
(Font)              <8> on input line 91.
LaTeX Font Info:    External font `cmex10' loaded for size
(Font)              <6> on input line 91.
LaTeX Font Info:    Try loading font information for U+lasy on input line 91.
 (C:\texmf\tex\latex\base\ulasy.fd
File: ulasy.fd 1998/08/17 v2.2e LaTeX symbol font definitions
)

LaTeX Warning: No \author given.


Underfull \hbox (badness 10000) in paragraph at lines 98--103

 []

LaTeX Font Info:    Try loading font information for OMS+cmr on input line 122.

(C:\texmf\tex\latex\base\omscmr.fd
File: omscmr.fd 1999/05/25 v2.5h Standard LaTeX font definitions
)
LaTeX Font Info:    Font shape `OMS/cmr/m/n' in size <9> not available
(Font)              Font shape `OMS/cmsy/m/n' tried instead on input line 122.
Missing character: There is no ’ in font cmr9!
LaTeX Font Info:    External font `cmex10' loaded for size
(Font)              <9> on input line 131.
LaTeX Font Info:    External font `cmex10' loaded for size
(Font)              <5> on input line 131.

psfig: searching twostaticcharges.ps for bounding box
psfig: including twostaticcharges.ps 
[1

]
Missing character: There is no ’ in font cmr9!
Missing character: There is no ’ in font cmr9!
Missing character: There is no ’ in font cmr9!
Missing character: There is no ’ in font cmbx12!
Missing character: There is no ’ in font cmr9!
Missing character: There is no ’ in font cmr9!
Missing character: There is no ’ in font cmbx12!
Missing character: There is no “ in font cmr9!
Missing character: There is no ” in font cmr9!
Missing character: There is no ’ in font cmr9!
Missing character: There is no ” in font cmr9!
Missing character: There is no ” in font cmr9!
Missing character: There is no ’ in font cmr9!
Missing character: There is no ’ in font cmr9!
Missing character: There is no “ in font cmr9!
Missing character: There is no ” in font cmr9!
Missing character: There is no ’ in font cmr9!
Missing character: There is no ’ in font cmr9!

psfig: searching earth.ps for bounding box
psfig: including earth.ps 
[2]
Missing character: There is no ’ in font cmr9!
Missing character: There is no ’ in font cmr9!
Missing character: There is no ’ in font cmr9!

psfig: searching unitchargefield.ps for bounding box
psfig: including unitchargefield.ps 
[3]
Missing character: There is no ’ in font cmr9!
Missing character: There is no ’ in font cmr9!
Missing character: There is no ’ in font cmr9!
Missing character: There is no ’ in font cmr9!

psfig: searching superposition.ps for bounding box
psfig: including superposition.ps 
[4]
psfig: searching singlechargecartcoord.ps for bounding box
psfig: including singlechargecartcoord.ps 
[5]
psfig: searching twochargescartcoord.ps for bounding box
psfig: including twochargescartcoord.ps 
psfig: searching chargedistribution.ps for bounding box
psfig: including chargedistribution.ps 
LaTeX Font Info:    External font `cmex10' loaded for size
(Font)              <7> on input line 460.
psfig: searching surfacedistributiondisk.ps for bounding box
psfig: including surfacedistributiondisk.ps 
psfig: searching constantelectricfieldinfiniteplane.ps for bounding box
psfig: including constantelectricfieldinfiniteplane.ps 
Missing character: There is no ’ in font cmbx12!
psfig: searching gausslawwire.ps for bounding box
psfig: including gausslawwire.ps 
Missing character: There is no ’ in font cmr10!
psfig: searching infiniteplaneofcharge.ps for bounding box
psfig: including infiniteplaneofcharge.ps 
psfig: searching infiniteparallelplates.ps for bounding box
psfig: including infiniteparallelplates.ps 
[6] [7]
psfig: searching potential.ps for bounding box
psfig: including potential.ps 
psfig: searching workindependentofpath.ps for bounding box
psfig: including workindependentofpath.ps 
psfig: searching boundaryconditions.ps for bounding box
psfig: including boundaryconditions.ps 
psfig: searching integrationpathtangfield.ps for bounding box
psfig: including integrationpathtangfield.ps 
psfig: searching metalsphereinefield.ps for bounding box
psfig: including metalsphereinefield.ps 
Missing character: There is no ’ in font cmr9!
Missing character: There is no … in font cmr8!
[8] [9]
Missing character: There is no ’ in font cmbx12!
Missing character: There is no ’ in font cmbx12!

psfig: searching increaseinflux.ps for bounding box
psfig: including increaseinflux.ps 
psfig: searching circuitwithinductor.ps for bounding box
psfig: including circuitwithinductor.ps 
[10]
psfig: searching inducedvoltage.ps for bounding box
psfig: including inducedvoltage.ps 
psfig: searching motionalemf.ps for bounding box
psfig: including motionalemf.ps 
[11]
Missing character: There is no ’ in font cmr9!
Missing character: There is no ’ in font cmr9!
 [12]
Missing character: There is no ’ in font cmr9!

psfig: searching complexnumberz.ps for bounding box
psfig: including complexnumberz.ps 
[13]
Missing character: There is no – in font cmr9!
 [14] [15]
psfig: searching waveontransline.ps for bounding box
psfig: including waveontransline.ps 
psfig: searching generaltransmissionlinecircuit.ps for bounding box
psfig: including generaltransmissionlinecircuit.ps 
[16] [17] [18]
psfig: searching coaxtl.ps for bounding box
psfig: including coaxtl.ps 
[19] [20] [21] [22] [23]
psfig: searching trline.ps for bounding box
psfig: including trline.ps 
[24] [25] [26] [27]
psfig: searching smithchartreflection.ps for bounding box
psfig: including smithchartreflection.ps 
psfig: searching smithchartimaginary.ps for bounding box
psfig: including smithchartimaginary.ps 
psfig: searching smithchartreal.ps for bounding box
psfig: including smithchartreal.ps 
psfig: searching impedanceadmittance.ps for bounding box
psfig: including impedanceadmittance.ps 
psfig: searching impedancematching.ps for bounding box
psfig: including impedancematching.ps 
[28]
Overfull \vbox (1054.3075pt too high) has occurred while \output is active []


[29] [30] (lecturenoteselectrostatics.aux)

LaTeX Warning: There were multiply-defined labels.

 ) 
Here is how much of TeX's memory you used:
 848 strings out of 95901
 8655 string characters out of 1195330
 58536 words of memory out of 1055152
 3754 multiletter control sequences out of 60000
 21400 words of font info for 78 fonts, out of 1000000 for 2000
 14 hyphenation exceptions out of 4999
 22i,12n,21p,661b,254s stack positions out of 5000i,500n,10000p,200000b,32768s

Output written on lecturenoteselectrostatics.dvi (30 pages, 76480 bytes).
