This is pdfTeX, Version 3.141592-1.40.3 (MiKTeX 2.6) (preloaded format=latex 2007.9.4)  12 SEP 2008 12:33
entering extended mode
**x
("C:\Program Files\MiKTeX 2.6\tex\latex\tools\x.tex"
LaTeX2e <2005/12/01>
Babel <v3.8g> and hyphenation patterns for english, dumylang, nohyphenation, ge
rman, ngerman, french, loaded.

! .
l.33   \batchmode \errmessage{}
                               \csname @@end\endcsname \end
This error message was generated by an \errmessage
command, so I can't give any explicit help.
Pretend that you're Hercule Poirot: Examine all clues,
and deduce the truth by order and method.

 ) 
Here is how much of TeX's memory you used:
 6 strings out of 95306
 96 string characters out of 1185184
 44877 words of memory out of 1048577
 3286 multiletter control sequences out of 60000
 3640 words of font info for 14 fonts, out of 1000000 for 2000
 14 hyphenation exceptions out of 8191
 5i,0n,1p,87b,8s stack positions out of 5000i,500n,10000p,200000b,32768s

No pages of output.
