\BOOKMARK [1][-]{section*.1}{Electrostatics}{}% 1
\BOOKMARK [1][-]{section*.2}{Introduction to Electric Field}{}% 2
\BOOKMARK [2][-]{subsection*.3}{How perfect is this balance?}{section*.2}% 3
\BOOKMARK [2][-]{subsection*.4}{Why is it that the atomic nucleus stays together when it is made out of the same kind of matter?}{section*.2}% 4
\BOOKMARK [2][-]{subsection*.5}{Which four forces did we talk about today?}{section*.2}% 5
\BOOKMARK [2][-]{subsection*.6}{Coulomb's Law}{section*.2}% 6
\BOOKMARK [2][-]{subsection*.7}{Whats the difference between the terms force and field?}{section*.2}% 7
\BOOKMARK [2][-]{subsection*.8}{More about the gravitational force and field}{section*.2}% 8
\BOOKMARK [1][-]{section*.9}{Electrostatics}{}% 9
\BOOKMARK [2][-]{subsection*.10}{More about the Electrical force and field}{section*.9}% 10
\BOOKMARK [2][-]{subsection*.11}{Properties of Electric Charge}{section*.9}% 11
\BOOKMARK [3][-]{subsubsection*.12}{Electric charge cannot be created or destroyed.}{subsection*.11}% 12
\BOOKMARK [3][-]{subsubsection*.13}{What is the electric field if we have more than one charge?}{subsection*.11}% 13
\BOOKMARK [3][-]{subsubsection*.14}{What if the charge is not in air?}{subsection*.11}% 14
\BOOKMARK [2][-]{subsection*.15}{Principle of Superposition}{section*.9}% 15
\BOOKMARK [2][-]{subsection*.16}{Electric Field in Rectangular Coordinates}{section*.9}% 16
\BOOKMARK [2][-]{subsection*.17}{Electric Field Distributions}{section*.9}% 17
\BOOKMARK [2][-]{subsection*.18}{Gauss Law}{section*.9}% 18
\BOOKMARK [1][-]{section*.19}{Definition of Potential and Voltage}{}% 19
\BOOKMARK [2][-]{subsection*.20}{Capacitance}{section*.19}% 20
\BOOKMARK [2][-]{subsection*.21}{Electric Field inside Metals}{section*.19}% 21
\BOOKMARK [2][-]{subsection*.22}{Boundary Conditions}{section*.19}% 22
\BOOKMARK [2][-]{subsection*.23}{Image Theory}{section*.19}% 23
